2022-08-31 13:46:22,081 DEBUG    root            Loaded Command Group: ['gcloud', 'components']
2022-08-31 13:46:22,085 DEBUG    root            Loaded Command Group: ['gcloud', 'components', 'update']
2022-08-31 13:46:22,088 DEBUG    root            Running [gcloud.components.update] with arguments: [--allow-no-backup: "True", --quiet: "True", COMPONENT-IDS:7: "['core', 'gcloud-deps', 'bq', 'gcloud', 'gcloud-crc32c', 'gsutil', 'anthoscli']"]
2022-08-31 13:46:22,095 INFO     ___FILE_ONLY___ Beginning update. This process may take several minutes.

2022-08-31 13:46:34,124 DEBUG    urllib3.connectionpool Starting new HTTPS connection (1): dl.google.com:443
2022-08-31 13:46:34,212 DEBUG    urllib3.connectionpool https://dl.google.com:443 "GET /dl/cloudsdk/channels/rapid/components-2.json HTTP/1.1" 200 198784
2022-08-31 13:46:34,275 INFO     ___FILE_ONLY___ 

2022-08-31 13:46:34,276 INFO     ___FILE_ONLY___ 
Your current Google Cloud CLI version is: 400.0.0

2022-08-31 13:46:34,276 INFO     ___FILE_ONLY___ Installing components from version: 400.0.0

2022-08-31 13:46:34,276 INFO     ___FILE_ONLY___ 

2022-08-31 13:46:34,284 INFO     ___FILE_ONLY___ ┌─────────────────────────────────────────────────────────────────────────────┐
2022-08-31 13:46:34,284 INFO     ___FILE_ONLY___ 

2022-08-31 13:46:34,285 INFO     ___FILE_ONLY___ │                     These components will be installed.                     │
2022-08-31 13:46:34,285 INFO     ___FILE_ONLY___ 

2022-08-31 13:46:34,285 INFO     ___FILE_ONLY___ ├─────────────────────────────────────────────────────┬────────────┬──────────┤
2022-08-31 13:46:34,285 INFO     ___FILE_ONLY___ 

2022-08-31 13:46:34,285 INFO     ___FILE_ONLY___ │                         Name                        │  Version   │   Size   │
2022-08-31 13:46:34,286 INFO     ___FILE_ONLY___ 

2022-08-31 13:46:34,286 INFO     ___FILE_ONLY___ ├─────────────────────────────────────────────────────┼────────────┼──────────┤
2022-08-31 13:46:34,286 INFO     ___FILE_ONLY___ 

2022-08-31 13:46:34,286 INFO     ___FILE_ONLY___ │ 
2022-08-31 13:46:34,286 INFO     ___FILE_ONLY___ BigQuery Command Line Tool                         
2022-08-31 13:46:34,286 INFO     ___FILE_ONLY___  
2022-08-31 13:46:34,287 INFO     ___FILE_ONLY___ │ 
2022-08-31 13:46:34,287 INFO     ___FILE_ONLY___     2.0.75
2022-08-31 13:46:34,287 INFO     ___FILE_ONLY___  
2022-08-31 13:46:34,287 INFO     ___FILE_ONLY___ │ 
2022-08-31 13:46:34,287 INFO     ___FILE_ONLY___  1.6 MiB
2022-08-31 13:46:34,287 INFO     ___FILE_ONLY___  
2022-08-31 13:46:34,287 INFO     ___FILE_ONLY___ │
2022-08-31 13:46:34,287 INFO     ___FILE_ONLY___ 

2022-08-31 13:46:34,287 INFO     ___FILE_ONLY___ │ 
2022-08-31 13:46:34,287 INFO     ___FILE_ONLY___ BigQuery Command Line Tool (Platform Specific)     
2022-08-31 13:46:34,287 INFO     ___FILE_ONLY___  
2022-08-31 13:46:34,287 INFO     ___FILE_ONLY___ │ 
2022-08-31 13:46:34,287 INFO     ___FILE_ONLY___     2.0.75
2022-08-31 13:46:34,288 INFO     ___FILE_ONLY___  
2022-08-31 13:46:34,288 INFO     ___FILE_ONLY___ │ 
2022-08-31 13:46:34,288 INFO     ___FILE_ONLY___  < 1 MiB
2022-08-31 13:46:34,288 INFO     ___FILE_ONLY___  
2022-08-31 13:46:34,288 INFO     ___FILE_ONLY___ │
2022-08-31 13:46:34,288 INFO     ___FILE_ONLY___ 

2022-08-31 13:46:34,288 INFO     ___FILE_ONLY___ │ 
2022-08-31 13:46:34,288 INFO     ___FILE_ONLY___ Cloud Storage Command Line Tool                    
2022-08-31 13:46:34,288 INFO     ___FILE_ONLY___  
2022-08-31 13:46:34,288 INFO     ___FILE_ONLY___ │ 
2022-08-31 13:46:34,289 INFO     ___FILE_ONLY___       5.12
2022-08-31 13:46:34,289 INFO     ___FILE_ONLY___  
2022-08-31 13:46:34,289 INFO     ___FILE_ONLY___ │ 
2022-08-31 13:46:34,289 INFO     ___FILE_ONLY___ 15.5 MiB
2022-08-31 13:46:34,289 INFO     ___FILE_ONLY___  
2022-08-31 13:46:34,289 INFO     ___FILE_ONLY___ │
2022-08-31 13:46:34,289 INFO     ___FILE_ONLY___ 

2022-08-31 13:46:34,289 INFO     ___FILE_ONLY___ │ 
2022-08-31 13:46:34,289 INFO     ___FILE_ONLY___ Cloud Storage Command Line Tool (Platform Specific)
2022-08-31 13:46:34,289 INFO     ___FILE_ONLY___  
2022-08-31 13:46:34,289 INFO     ___FILE_ONLY___ │ 
2022-08-31 13:46:34,289 INFO     ___FILE_ONLY___       5.11
2022-08-31 13:46:34,289 INFO     ___FILE_ONLY___  
2022-08-31 13:46:34,289 INFO     ___FILE_ONLY___ │ 
2022-08-31 13:46:34,290 INFO     ___FILE_ONLY___  < 1 MiB
2022-08-31 13:46:34,290 INFO     ___FILE_ONLY___  
2022-08-31 13:46:34,290 INFO     ___FILE_ONLY___ │
2022-08-31 13:46:34,290 INFO     ___FILE_ONLY___ 

2022-08-31 13:46:34,290 INFO     ___FILE_ONLY___ │ 
2022-08-31 13:46:34,290 INFO     ___FILE_ONLY___ Google Cloud CLI Core Libraries (Platform Specific)
2022-08-31 13:46:34,290 INFO     ___FILE_ONLY___  
2022-08-31 13:46:34,290 INFO     ___FILE_ONLY___ │ 
2022-08-31 13:46:34,290 INFO     ___FILE_ONLY___ 2022.08.05
2022-08-31 13:46:34,290 INFO     ___FILE_ONLY___  
2022-08-31 13:46:34,290 INFO     ___FILE_ONLY___ │ 
2022-08-31 13:46:34,290 INFO     ___FILE_ONLY___  < 1 MiB
2022-08-31 13:46:34,290 INFO     ___FILE_ONLY___  
2022-08-31 13:46:34,290 INFO     ___FILE_ONLY___ │
2022-08-31 13:46:34,291 INFO     ___FILE_ONLY___ 

2022-08-31 13:46:34,291 INFO     ___FILE_ONLY___ │ 
2022-08-31 13:46:34,291 INFO     ___FILE_ONLY___ Google Cloud CRC32C Hash Tool                      
2022-08-31 13:46:34,291 INFO     ___FILE_ONLY___  
2022-08-31 13:46:34,291 INFO     ___FILE_ONLY___ │ 
2022-08-31 13:46:34,291 INFO     ___FILE_ONLY___      1.0.0
2022-08-31 13:46:34,291 INFO     ___FILE_ONLY___  
2022-08-31 13:46:34,291 INFO     ___FILE_ONLY___ │ 
2022-08-31 13:46:34,291 INFO     ___FILE_ONLY___  1.2 MiB
2022-08-31 13:46:34,291 INFO     ___FILE_ONLY___  
2022-08-31 13:46:34,291 INFO     ___FILE_ONLY___ │
2022-08-31 13:46:34,291 INFO     ___FILE_ONLY___ 

2022-08-31 13:46:34,291 INFO     ___FILE_ONLY___ │ 
2022-08-31 13:46:34,292 INFO     ___FILE_ONLY___ anthoscli                                          
2022-08-31 13:46:34,292 INFO     ___FILE_ONLY___  
2022-08-31 13:46:34,292 INFO     ___FILE_ONLY___ │ 
2022-08-31 13:46:34,292 INFO     ___FILE_ONLY___     0.2.29
2022-08-31 13:46:34,292 INFO     ___FILE_ONLY___  
2022-08-31 13:46:34,292 INFO     ___FILE_ONLY___ │ 
2022-08-31 13:46:34,292 INFO     ___FILE_ONLY___ 37.6 MiB
2022-08-31 13:46:34,292 INFO     ___FILE_ONLY___  
2022-08-31 13:46:34,292 INFO     ___FILE_ONLY___ │
2022-08-31 13:46:34,292 INFO     ___FILE_ONLY___ 

2022-08-31 13:46:34,292 INFO     ___FILE_ONLY___ │ 
2022-08-31 13:46:34,292 INFO     ___FILE_ONLY___ gcloud cli dependencies                            
2022-08-31 13:46:34,292 INFO     ___FILE_ONLY___  
2022-08-31 13:46:34,293 INFO     ___FILE_ONLY___ │ 
2022-08-31 13:46:34,293 INFO     ___FILE_ONLY___ 2021.04.16
2022-08-31 13:46:34,293 INFO     ___FILE_ONLY___  
2022-08-31 13:46:34,293 INFO     ___FILE_ONLY___ │ 
2022-08-31 13:46:34,293 INFO     ___FILE_ONLY___  < 1 MiB
2022-08-31 13:46:34,293 INFO     ___FILE_ONLY___  
2022-08-31 13:46:34,293 INFO     ___FILE_ONLY___ │
2022-08-31 13:46:34,293 INFO     ___FILE_ONLY___ 

2022-08-31 13:46:34,293 INFO     ___FILE_ONLY___ └─────────────────────────────────────────────────────┴────────────┴──────────┘
2022-08-31 13:46:34,293 INFO     ___FILE_ONLY___ 

2022-08-31 13:46:34,293 INFO     ___FILE_ONLY___ 

2022-08-31 13:46:34,296 DEBUG    urllib3.connectionpool Starting new HTTPS connection (1): dl.google.com:443
2022-08-31 13:46:34,382 DEBUG    urllib3.connectionpool https://dl.google.com:443 "GET /dl/cloudsdk/channels/rapid/RELEASE_NOTES HTTP/1.1" 200 860579
2022-08-31 13:46:34,477 INFO     ___FILE_ONLY___ For the latest full release notes, please visit:
  https://cloud.google.com/sdk/release_notes


2022-08-31 13:46:34,483 INFO     ___FILE_ONLY___ ╔════════════════════════════════════════════════════════════╗

2022-08-31 13:46:34,483 INFO     ___FILE_ONLY___ ╠═ Creating update staging area                             ═╣

2022-08-31 13:46:34,484 INFO     ___FILE_ONLY___ ╚
2022-08-31 13:46:34,484 INFO     ___FILE_ONLY___ ══════
2022-08-31 13:46:34,484 INFO     ___FILE_ONLY___ ══════
2022-08-31 13:46:34,484 INFO     ___FILE_ONLY___ ══════
2022-08-31 13:46:34,641 INFO     ___FILE_ONLY___ ═
2022-08-31 13:46:34,683 INFO     ___FILE_ONLY___ ═
2022-08-31 13:46:34,741 INFO     ___FILE_ONLY___ ═
2022-08-31 13:46:34,793 INFO     ___FILE_ONLY___ ═
2022-08-31 13:46:34,846 INFO     ___FILE_ONLY___ ═
2022-08-31 13:46:34,884 INFO     ___FILE_ONLY___ ═
2022-08-31 13:46:34,965 INFO     ___FILE_ONLY___ ═
2022-08-31 13:46:35,032 INFO     ___FILE_ONLY___ ═
2022-08-31 13:46:35,086 INFO     ___FILE_ONLY___ ═
2022-08-31 13:46:35,177 INFO     ___FILE_ONLY___ ═
2022-08-31 13:46:35,235 INFO     ___FILE_ONLY___ ═
2022-08-31 13:46:35,299 INFO     ___FILE_ONLY___ ═
2022-08-31 13:46:35,369 INFO     ___FILE_ONLY___ ═
2022-08-31 13:46:35,496 INFO     ___FILE_ONLY___ ═
2022-08-31 13:46:35,550 INFO     ___FILE_ONLY___ ═
2022-08-31 13:46:35,596 INFO     ___FILE_ONLY___ ═
2022-08-31 13:46:35,652 INFO     ___FILE_ONLY___ ═
2022-08-31 13:46:35,716 INFO     ___FILE_ONLY___ ═
2022-08-31 13:46:35,780 INFO     ___FILE_ONLY___ ═
2022-08-31 13:46:35,833 INFO     ___FILE_ONLY___ ═
2022-08-31 13:46:35,877 INFO     ___FILE_ONLY___ ═
2022-08-31 13:46:35,935 INFO     ___FILE_ONLY___ ═
2022-08-31 13:46:35,992 INFO     ___FILE_ONLY___ ═
2022-08-31 13:46:36,045 INFO     ___FILE_ONLY___ ═
2022-08-31 13:46:36,096 INFO     ___FILE_ONLY___ ═
2022-08-31 13:46:36,147 INFO     ___FILE_ONLY___ ═
2022-08-31 13:46:36,200 INFO     ___FILE_ONLY___ ═
2022-08-31 13:46:36,252 INFO     ___FILE_ONLY___ ═
2022-08-31 13:46:36,302 INFO     ___FILE_ONLY___ ═
2022-08-31 13:46:36,354 INFO     ___FILE_ONLY___ ═
2022-08-31 13:46:36,400 INFO     ___FILE_ONLY___ ═
2022-08-31 13:46:36,613 INFO     ___FILE_ONLY___ ═
2022-08-31 13:46:36,648 INFO     ___FILE_ONLY___ ═
2022-08-31 13:46:36,725 INFO     ___FILE_ONLY___ ═
2022-08-31 13:46:36,803 INFO     ___FILE_ONLY___ ═
2022-08-31 13:46:36,831 INFO     ___FILE_ONLY___ ═
2022-08-31 13:46:36,860 INFO     ___FILE_ONLY___ ═
2022-08-31 13:46:36,887 INFO     ___FILE_ONLY___ ═
2022-08-31 13:46:36,917 INFO     ___FILE_ONLY___ ═
2022-08-31 13:46:36,958 INFO     ___FILE_ONLY___ ═
2022-08-31 13:46:36,987 INFO     ___FILE_ONLY___ ═
2022-08-31 13:46:37,044 INFO     ___FILE_ONLY___ ═
2022-08-31 13:46:37,044 INFO     ___FILE_ONLY___ ╝

2022-08-31 13:46:37,318 INFO     ___FILE_ONLY___ ╔════════════════════════════════════════════════════════════╗

2022-08-31 13:46:37,318 INFO     ___FILE_ONLY___ ╠═ Installing: BigQuery Command Line Tool                   ═╣

2022-08-31 13:46:37,319 INFO     ___FILE_ONLY___ ╚
2022-08-31 13:46:37,322 DEBUG    urllib3.connectionpool Starting new HTTPS connection (1): dl.google.com:443
2022-08-31 13:46:37,414 DEBUG    urllib3.connectionpool https://dl.google.com:443 "GET /dl/cloudsdk/channels/rapid/components/google-cloud-sdk-bq-20220826172526.tar.gz HTTP/1.1" 200 1649904
2022-08-31 13:46:37,498 INFO     ___FILE_ONLY___ ═
2022-08-31 13:46:37,499 INFO     ___FILE_ONLY___ ═
2022-08-31 13:46:37,499 INFO     ___FILE_ONLY___ ═
2022-08-31 13:46:37,499 INFO     ___FILE_ONLY___ ═
2022-08-31 13:46:37,499 INFO     ___FILE_ONLY___ ═
2022-08-31 13:46:37,500 INFO     ___FILE_ONLY___ ═
2022-08-31 13:46:37,500 INFO     ___FILE_ONLY___ ═
2022-08-31 13:46:37,500 INFO     ___FILE_ONLY___ ═
2022-08-31 13:46:37,500 INFO     ___FILE_ONLY___ ═
2022-08-31 13:46:37,501 INFO     ___FILE_ONLY___ ═
2022-08-31 13:46:37,501 INFO     ___FILE_ONLY___ ═
2022-08-31 13:46:37,501 INFO     ___FILE_ONLY___ ═
2022-08-31 13:46:37,501 INFO     ___FILE_ONLY___ ═
2022-08-31 13:46:37,501 INFO     ___FILE_ONLY___ ═
2022-08-31 13:46:37,502 INFO     ___FILE_ONLY___ ═
2022-08-31 13:46:37,502 INFO     ___FILE_ONLY___ ═
2022-08-31 13:46:37,502 INFO     ___FILE_ONLY___ ═
2022-08-31 13:46:37,502 INFO     ___FILE_ONLY___ ═
2022-08-31 13:46:37,503 INFO     ___FILE_ONLY___ ═
2022-08-31 13:46:37,503 INFO     ___FILE_ONLY___ ═
2022-08-31 13:46:37,503 INFO     ___FILE_ONLY___ ═
2022-08-31 13:46:37,503 INFO     ___FILE_ONLY___ ═
2022-08-31 13:46:37,504 INFO     ___FILE_ONLY___ ═
2022-08-31 13:46:37,504 INFO     ___FILE_ONLY___ ═
2022-08-31 13:46:37,504 INFO     ___FILE_ONLY___ ═
2022-08-31 13:46:37,504 INFO     ___FILE_ONLY___ ═
2022-08-31 13:46:37,504 INFO     ___FILE_ONLY___ ═
2022-08-31 13:46:37,505 INFO     ___FILE_ONLY___ ═
2022-08-31 13:46:37,505 INFO     ___FILE_ONLY___ ═
2022-08-31 13:46:37,505 INFO     ___FILE_ONLY___ ═
2022-08-31 13:46:37,631 INFO     ___FILE_ONLY___ ═
2022-08-31 13:46:37,635 INFO     ___FILE_ONLY___ ═
2022-08-31 13:46:37,640 INFO     ___FILE_ONLY___ ═
2022-08-31 13:46:37,647 INFO     ___FILE_ONLY___ ═
2022-08-31 13:46:37,652 INFO     ___FILE_ONLY___ ═
2022-08-31 13:46:37,656 INFO     ___FILE_ONLY___ ═
2022-08-31 13:46:37,660 INFO     ___FILE_ONLY___ ═
2022-08-31 13:46:37,665 INFO     ___FILE_ONLY___ ═
2022-08-31 13:46:37,670 INFO     ___FILE_ONLY___ ═
2022-08-31 13:46:37,674 INFO     ___FILE_ONLY___ ═
2022-08-31 13:46:37,679 INFO     ___FILE_ONLY___ ═
2022-08-31 13:46:37,686 INFO     ___FILE_ONLY___ ═
2022-08-31 13:46:37,695 INFO     ___FILE_ONLY___ ═
2022-08-31 13:46:37,702 INFO     ___FILE_ONLY___ ═
2022-08-31 13:46:37,706 INFO     ___FILE_ONLY___ ═
2022-08-31 13:46:37,710 INFO     ___FILE_ONLY___ ═
2022-08-31 13:46:37,714 INFO     ___FILE_ONLY___ ═
2022-08-31 13:46:37,718 INFO     ___FILE_ONLY___ ═
2022-08-31 13:46:37,722 INFO     ___FILE_ONLY___ ═
2022-08-31 13:46:37,726 INFO     ___FILE_ONLY___ ═
2022-08-31 13:46:37,732 INFO     ___FILE_ONLY___ ═
2022-08-31 13:46:37,736 INFO     ___FILE_ONLY___ ═
2022-08-31 13:46:37,740 INFO     ___FILE_ONLY___ ═
2022-08-31 13:46:37,745 INFO     ___FILE_ONLY___ ═
2022-08-31 13:46:37,749 INFO     ___FILE_ONLY___ ═
2022-08-31 13:46:37,753 INFO     ___FILE_ONLY___ ═
2022-08-31 13:46:37,758 INFO     ___FILE_ONLY___ ═
2022-08-31 13:46:37,762 INFO     ___FILE_ONLY___ ═
2022-08-31 13:46:37,767 INFO     ___FILE_ONLY___ ═
2022-08-31 13:46:37,771 INFO     ___FILE_ONLY___ ═
2022-08-31 13:46:37,771 INFO     ___FILE_ONLY___ ╝

2022-08-31 13:46:37,789 INFO     ___FILE_ONLY___ ╔════════════════════════════════════════════════════════════╗

2022-08-31 13:46:37,789 INFO     ___FILE_ONLY___ ╠═ Installing: BigQuery Command Line Tool (Platform Spec... ═╣

2022-08-31 13:46:37,789 INFO     ___FILE_ONLY___ ╚
2022-08-31 13:46:37,794 DEBUG    urllib3.connectionpool Starting new HTTPS connection (1): dl.google.com:443
2022-08-31 13:46:37,881 DEBUG    urllib3.connectionpool https://dl.google.com:443 "GET /dl/cloudsdk/channels/rapid/components/google-cloud-sdk-bq-nix-20220805142045.tar.gz HTTP/1.1" 200 1816
2022-08-31 13:46:37,882 INFO     ___FILE_ONLY___ ══════════════════════════════
2022-08-31 13:46:37,883 INFO     ___FILE_ONLY___ ══════════════════════════════
2022-08-31 13:46:37,883 INFO     ___FILE_ONLY___ ╝

2022-08-31 13:46:37,896 INFO     ___FILE_ONLY___ ╔════════════════════════════════════════════════════════════╗

2022-08-31 13:46:37,896 INFO     ___FILE_ONLY___ ╠═ Installing: Cloud Storage Command Line Tool              ═╣

2022-08-31 13:46:37,896 INFO     ___FILE_ONLY___ ╚
2022-08-31 13:46:37,900 DEBUG    urllib3.connectionpool Starting new HTTPS connection (1): dl.google.com:443
2022-08-31 13:46:37,993 DEBUG    urllib3.connectionpool https://dl.google.com:443 "GET /dl/cloudsdk/channels/rapid/components/google-cloud-sdk-gsutil-20220812141601.tar.gz HTTP/1.1" 200 16238934
2022-08-31 13:46:38,159 INFO     ___FILE_ONLY___ ═
2022-08-31 13:46:38,160 INFO     ___FILE_ONLY___ ═
2022-08-31 13:46:38,160 INFO     ___FILE_ONLY___ ═
2022-08-31 13:46:38,161 INFO     ___FILE_ONLY___ ═
2022-08-31 13:46:38,162 INFO     ___FILE_ONLY___ ═
2022-08-31 13:46:38,163 INFO     ___FILE_ONLY___ ═
2022-08-31 13:46:38,164 INFO     ___FILE_ONLY___ ═
2022-08-31 13:46:38,165 INFO     ___FILE_ONLY___ ═
2022-08-31 13:46:38,165 INFO     ___FILE_ONLY___ ═
2022-08-31 13:46:38,166 INFO     ___FILE_ONLY___ ═
2022-08-31 13:46:38,167 INFO     ___FILE_ONLY___ ═
2022-08-31 13:46:38,168 INFO     ___FILE_ONLY___ ═
2022-08-31 13:46:38,169 INFO     ___FILE_ONLY___ ═
2022-08-31 13:46:38,169 INFO     ___FILE_ONLY___ ═
2022-08-31 13:46:38,170 INFO     ___FILE_ONLY___ ═
2022-08-31 13:46:38,171 INFO     ___FILE_ONLY___ ═
2022-08-31 13:46:38,172 INFO     ___FILE_ONLY___ ═
2022-08-31 13:46:38,173 INFO     ___FILE_ONLY___ ═
2022-08-31 13:46:38,173 INFO     ___FILE_ONLY___ ═
2022-08-31 13:46:38,174 INFO     ___FILE_ONLY___ ═
2022-08-31 13:46:38,175 INFO     ___FILE_ONLY___ ═
2022-08-31 13:46:38,176 INFO     ___FILE_ONLY___ ═
2022-08-31 13:46:38,177 INFO     ___FILE_ONLY___ ═
2022-08-31 13:46:38,178 INFO     ___FILE_ONLY___ ═
2022-08-31 13:46:38,178 INFO     ___FILE_ONLY___ ═
2022-08-31 13:46:38,179 INFO     ___FILE_ONLY___ ═
2022-08-31 13:46:38,180 INFO     ___FILE_ONLY___ ═
2022-08-31 13:46:38,181 INFO     ___FILE_ONLY___ ═
2022-08-31 13:46:38,182 INFO     ___FILE_ONLY___ ═
2022-08-31 13:46:38,182 INFO     ___FILE_ONLY___ ═
2022-08-31 13:46:39,476 INFO     ___FILE_ONLY___ ═
2022-08-31 13:46:39,529 INFO     ___FILE_ONLY___ ═
2022-08-31 13:46:39,575 INFO     ___FILE_ONLY___ ═
2022-08-31 13:46:39,616 INFO     ___FILE_ONLY___ ═
2022-08-31 13:46:39,660 INFO     ___FILE_ONLY___ ═
2022-08-31 13:46:39,728 INFO     ___FILE_ONLY___ ═
2022-08-31 13:46:39,785 INFO     ___FILE_ONLY___ ═
2022-08-31 13:46:39,855 INFO     ___FILE_ONLY___ ═
2022-08-31 13:46:39,914 INFO     ___FILE_ONLY___ ═
2022-08-31 13:46:39,956 INFO     ___FILE_ONLY___ ═
2022-08-31 13:46:40,008 INFO     ___FILE_ONLY___ ═
2022-08-31 13:46:40,062 INFO     ___FILE_ONLY___ ═
2022-08-31 13:46:40,126 INFO     ___FILE_ONLY___ ═
2022-08-31 13:46:40,206 INFO     ___FILE_ONLY___ ═
2022-08-31 13:46:40,258 INFO     ___FILE_ONLY___ ═
2022-08-31 13:46:40,298 INFO     ___FILE_ONLY___ ═
2022-08-31 13:46:40,344 INFO     ___FILE_ONLY___ ═
2022-08-31 13:46:40,387 INFO     ___FILE_ONLY___ ═
2022-08-31 13:46:40,428 INFO     ___FILE_ONLY___ ═
2022-08-31 13:46:40,474 INFO     ___FILE_ONLY___ ═
2022-08-31 13:46:40,522 INFO     ___FILE_ONLY___ ═
2022-08-31 13:46:40,577 INFO     ___FILE_ONLY___ ═
2022-08-31 13:46:40,634 INFO     ___FILE_ONLY___ ═
2022-08-31 13:46:40,682 INFO     ___FILE_ONLY___ ═
2022-08-31 13:46:40,738 INFO     ___FILE_ONLY___ ═
2022-08-31 13:46:40,798 INFO     ___FILE_ONLY___ ═
2022-08-31 13:46:40,843 INFO     ___FILE_ONLY___ ═
2022-08-31 13:46:40,884 INFO     ___FILE_ONLY___ ═
2022-08-31 13:46:40,927 INFO     ___FILE_ONLY___ ═
2022-08-31 13:46:40,986 INFO     ___FILE_ONLY___ ═
2022-08-31 13:46:40,987 INFO     ___FILE_ONLY___ ╝

2022-08-31 13:46:41,086 INFO     ___FILE_ONLY___ ╔════════════════════════════════════════════════════════════╗

2022-08-31 13:46:41,087 INFO     ___FILE_ONLY___ ╠═ Installing: Cloud Storage Command Line Tool (Platform... ═╣

2022-08-31 13:46:41,087 INFO     ___FILE_ONLY___ ╚
2022-08-31 13:46:41,091 DEBUG    urllib3.connectionpool Starting new HTTPS connection (1): dl.google.com:443
2022-08-31 13:46:41,119 DEBUG    urllib3.connectionpool https://dl.google.com:443 "GET /dl/cloudsdk/channels/rapid/components/google-cloud-sdk-gsutil-nix-20220805142045.tar.gz HTTP/1.1" 200 1831
2022-08-31 13:46:41,120 INFO     ___FILE_ONLY___ ══════════════════════════════
2022-08-31 13:46:41,122 INFO     ___FILE_ONLY___ ══════════════════════════════
2022-08-31 13:46:41,122 INFO     ___FILE_ONLY___ ╝

2022-08-31 13:46:41,134 INFO     ___FILE_ONLY___ ╔════════════════════════════════════════════════════════════╗

2022-08-31 13:46:41,134 INFO     ___FILE_ONLY___ ╠═ Installing: Default set of gcloud commands               ═╣

2022-08-31 13:46:41,135 INFO     ___FILE_ONLY___ ╚
2022-08-31 13:46:41,140 INFO     ___FILE_ONLY___ ════════════════════════════════════════════════════════════
2022-08-31 13:46:41,140 INFO     ___FILE_ONLY___ ╝

2022-08-31 13:46:41,145 INFO     ___FILE_ONLY___ ╔════════════════════════════════════════════════════════════╗

2022-08-31 13:46:41,145 INFO     ___FILE_ONLY___ ╠═ Installing: Google Cloud CLI Core Libraries (Platform... ═╣

2022-08-31 13:46:41,145 INFO     ___FILE_ONLY___ ╚
2022-08-31 13:46:41,149 DEBUG    urllib3.connectionpool Starting new HTTPS connection (1): dl.google.com:443
2022-08-31 13:46:41,242 DEBUG    urllib3.connectionpool https://dl.google.com:443 "GET /dl/cloudsdk/channels/rapid/components/google-cloud-sdk-core-nix-20220805142045.tar.gz HTTP/1.1" 200 2202
2022-08-31 13:46:41,243 INFO     ___FILE_ONLY___ ══════════════════════════════
2022-08-31 13:46:41,245 INFO     ___FILE_ONLY___ ═══════════════
2022-08-31 13:46:41,246 INFO     ___FILE_ONLY___ ═══════════════
2022-08-31 13:46:41,246 INFO     ___FILE_ONLY___ ╝

2022-08-31 13:46:41,259 INFO     ___FILE_ONLY___ ╔════════════════════════════════════════════════════════════╗

2022-08-31 13:46:41,259 INFO     ___FILE_ONLY___ ╠═ Installing: Google Cloud CRC32C Hash Tool                ═╣

2022-08-31 13:46:41,259 INFO     ___FILE_ONLY___ ╚
2022-08-31 13:46:41,264 INFO     ___FILE_ONLY___ ════════════════════════════════════════════════════════════
2022-08-31 13:46:41,264 INFO     ___FILE_ONLY___ ╝

2022-08-31 13:46:41,269 INFO     ___FILE_ONLY___ ╔════════════════════════════════════════════════════════════╗

2022-08-31 13:46:41,270 INFO     ___FILE_ONLY___ ╠═ Installing: Google Cloud CRC32C Hash Tool                ═╣

2022-08-31 13:46:41,270 INFO     ___FILE_ONLY___ ╚
2022-08-31 13:46:41,274 DEBUG    urllib3.connectionpool Starting new HTTPS connection (1): dl.google.com:443
2022-08-31 13:46:41,365 DEBUG    urllib3.connectionpool https://dl.google.com:443 "GET /dl/cloudsdk/channels/rapid/components/google-cloud-sdk-gcloud-crc32c-linux-x86_64-20220729144039.tar.gz HTTP/1.1" 200 1243294
2022-08-31 13:46:41,444 INFO     ___FILE_ONLY___ ═
2022-08-31 13:46:41,444 INFO     ___FILE_ONLY___ ═
2022-08-31 13:46:41,444 INFO     ___FILE_ONLY___ ═
2022-08-31 13:46:41,444 INFO     ___FILE_ONLY___ ═
2022-08-31 13:46:41,444 INFO     ___FILE_ONLY___ ═
2022-08-31 13:46:41,445 INFO     ___FILE_ONLY___ ═
2022-08-31 13:46:41,445 INFO     ___FILE_ONLY___ ═
2022-08-31 13:46:41,445 INFO     ___FILE_ONLY___ ═
2022-08-31 13:46:41,445 INFO     ___FILE_ONLY___ ═
2022-08-31 13:46:41,445 INFO     ___FILE_ONLY___ ═
2022-08-31 13:46:41,445 INFO     ___FILE_ONLY___ ═
2022-08-31 13:46:41,445 INFO     ___FILE_ONLY___ ═
2022-08-31 13:46:41,445 INFO     ___FILE_ONLY___ ═
2022-08-31 13:46:41,446 INFO     ___FILE_ONLY___ ═
2022-08-31 13:46:41,446 INFO     ___FILE_ONLY___ ═
2022-08-31 13:46:41,446 INFO     ___FILE_ONLY___ ═
2022-08-31 13:46:41,446 INFO     ___FILE_ONLY___ ═
2022-08-31 13:46:41,446 INFO     ___FILE_ONLY___ ═
2022-08-31 13:46:41,446 INFO     ___FILE_ONLY___ ═
2022-08-31 13:46:41,446 INFO     ___FILE_ONLY___ ═
2022-08-31 13:46:41,447 INFO     ___FILE_ONLY___ ═
2022-08-31 13:46:41,447 INFO     ___FILE_ONLY___ ═
2022-08-31 13:46:41,447 INFO     ___FILE_ONLY___ ═
2022-08-31 13:46:41,447 INFO     ___FILE_ONLY___ ═
2022-08-31 13:46:41,447 INFO     ___FILE_ONLY___ ═
2022-08-31 13:46:41,447 INFO     ___FILE_ONLY___ ═
2022-08-31 13:46:41,447 INFO     ___FILE_ONLY___ ═
2022-08-31 13:46:41,448 INFO     ___FILE_ONLY___ ═
2022-08-31 13:46:41,448 INFO     ___FILE_ONLY___ ═
2022-08-31 13:46:41,448 INFO     ___FILE_ONLY___ ═
2022-08-31 13:46:41,485 INFO     ___FILE_ONLY___ ═══════════════
2022-08-31 13:46:41,486 INFO     ___FILE_ONLY___ ═══════════════
2022-08-31 13:46:41,486 INFO     ___FILE_ONLY___ ╝

2022-08-31 13:46:41,499 INFO     ___FILE_ONLY___ ╔════════════════════════════════════════════════════════════╗

2022-08-31 13:46:41,499 INFO     ___FILE_ONLY___ ╠═ Installing: anthoscli                                    ═╣

2022-08-31 13:46:41,500 INFO     ___FILE_ONLY___ ╚
2022-08-31 13:46:41,503 DEBUG    urllib3.connectionpool Starting new HTTPS connection (1): dl.google.com:443
2022-08-31 13:46:41,597 DEBUG    urllib3.connectionpool https://dl.google.com:443 "GET /dl/cloudsdk/channels/rapid/components/google-cloud-sdk-anthoscli-linux-x86_64-20220826172526.tar.gz HTTP/1.1" 200 39436637
2022-08-31 13:46:41,889 INFO     ___FILE_ONLY___ ═
2022-08-31 13:46:41,891 INFO     ___FILE_ONLY___ ═
2022-08-31 13:46:41,893 INFO     ___FILE_ONLY___ ═
2022-08-31 13:46:41,894 INFO     ___FILE_ONLY___ ═
2022-08-31 13:46:41,896 INFO     ___FILE_ONLY___ ═
2022-08-31 13:46:41,898 INFO     ___FILE_ONLY___ ═
2022-08-31 13:46:41,900 INFO     ___FILE_ONLY___ ═
2022-08-31 13:46:41,902 INFO     ___FILE_ONLY___ ═
2022-08-31 13:46:41,904 INFO     ___FILE_ONLY___ ═
2022-08-31 13:46:41,906 INFO     ___FILE_ONLY___ ═
2022-08-31 13:46:41,907 INFO     ___FILE_ONLY___ ═
2022-08-31 13:46:41,909 INFO     ___FILE_ONLY___ ═
2022-08-31 13:46:41,911 INFO     ___FILE_ONLY___ ═
2022-08-31 13:46:41,913 INFO     ___FILE_ONLY___ ═
2022-08-31 13:46:41,915 INFO     ___FILE_ONLY___ ═
2022-08-31 13:46:41,916 INFO     ___FILE_ONLY___ ═
2022-08-31 13:46:41,918 INFO     ___FILE_ONLY___ ═
2022-08-31 13:46:41,920 INFO     ___FILE_ONLY___ ═
2022-08-31 13:46:41,922 INFO     ___FILE_ONLY___ ═
2022-08-31 13:46:41,924 INFO     ___FILE_ONLY___ ═
2022-08-31 13:46:41,925 INFO     ___FILE_ONLY___ ═
2022-08-31 13:46:41,927 INFO     ___FILE_ONLY___ ═
2022-08-31 13:46:41,929 INFO     ___FILE_ONLY___ ═
2022-08-31 13:46:41,931 INFO     ___FILE_ONLY___ ═
2022-08-31 13:46:41,933 INFO     ___FILE_ONLY___ ═
2022-08-31 13:46:41,934 INFO     ___FILE_ONLY___ ═
2022-08-31 13:46:41,936 INFO     ___FILE_ONLY___ ═
2022-08-31 13:46:41,938 INFO     ___FILE_ONLY___ ═
2022-08-31 13:46:41,940 INFO     ___FILE_ONLY___ ═
2022-08-31 13:46:41,942 INFO     ___FILE_ONLY___ ═
2022-08-31 13:46:43,219 INFO     ___FILE_ONLY___ ══════════
2022-08-31 13:46:43,224 INFO     ___FILE_ONLY___ ═════════
2022-08-31 13:46:43,247 INFO     ___FILE_ONLY___ ═══════════
2022-08-31 13:46:43,247 INFO     ___FILE_ONLY___ ╝

2022-08-31 13:46:43,267 INFO     ___FILE_ONLY___ ╔════════════════════════════════════════════════════════════╗

2022-08-31 13:46:43,268 INFO     ___FILE_ONLY___ ╠═ Installing: anthoscli                                    ═╣

2022-08-31 13:46:43,268 INFO     ___FILE_ONLY___ ╚
2022-08-31 13:46:43,273 INFO     ___FILE_ONLY___ ════════════════════════════════════════════════════════════
2022-08-31 13:46:43,273 INFO     ___FILE_ONLY___ ╝

2022-08-31 13:46:43,278 INFO     ___FILE_ONLY___ ╔════════════════════════════════════════════════════════════╗

2022-08-31 13:46:43,278 INFO     ___FILE_ONLY___ ╠═ Installing: gcloud cli dependencies                      ═╣

2022-08-31 13:46:43,278 INFO     ___FILE_ONLY___ ╚
2022-08-31 13:46:43,282 DEBUG    urllib3.connectionpool Starting new HTTPS connection (1): dl.google.com:443
2022-08-31 13:46:43,367 DEBUG    urllib3.connectionpool https://dl.google.com:443 "GET /dl/cloudsdk/channels/rapid/components/google-cloud-sdk-gcloud-deps-linux-x86_64-20210416153011.tar.gz HTTP/1.1" 200 104
2022-08-31 13:46:43,368 INFO     ___FILE_ONLY___ ══════════════════════════════
2022-08-31 13:46:43,369 INFO     ___FILE_ONLY___ ══════════════════════════════
2022-08-31 13:46:43,369 INFO     ___FILE_ONLY___ ╝

2022-08-31 13:46:43,381 INFO     ___FILE_ONLY___ ╔════════════════════════════════════════════════════════════╗

2022-08-31 13:46:43,382 INFO     ___FILE_ONLY___ ╠═ Creating backup and activating new installation          ═╣

2022-08-31 13:46:43,382 INFO     ___FILE_ONLY___ ╚
2022-08-31 13:46:43,382 DEBUG    root            Attempting to move directory [/tools/google-cloud-sdk] to [/tools/google-cloud-sdk.staging/.install/.backup]
2022-08-31 13:46:43,382 INFO     ___FILE_ONLY___ ══════════════════════════════
2022-08-31 13:46:43,382 DEBUG    root            Attempting to move directory [/tools/google-cloud-sdk.staging] to [/tools/google-cloud-sdk]
2022-08-31 13:46:43,382 INFO     ___FILE_ONLY___ ══════════════════════════════
2022-08-31 13:46:43,383 INFO     ___FILE_ONLY___ ╝

2022-08-31 13:46:43,387 DEBUG    root            Updating notification cache...
2022-08-31 13:46:43,387 INFO     ___FILE_ONLY___ 

2022-08-31 13:46:43,392 INFO     ___FILE_ONLY___ Performing post processing steps...
2022-08-31 13:46:43,393 DEBUG    root            Executing command: ['python3', '-S', '/tools/google-cloud-sdk/lib/gcloud.py', 'components', 'post-process']
2022-08-31 13:47:03,055 DEBUG    ___FILE_ONLY___ 
2022-08-31 13:47:03,055 DEBUG    ___FILE_ONLY___ 
2022-08-31 13:47:03,174 INFO     ___FILE_ONLY___ 
Update done!


2022-08-31 13:47:03,178 INFO     root            Display format: "none"
